# JRE version: OpenJDK Runtime Environment (21.0.6) (build 21.0.6+-13391695-b895.109)
# Java VM: OpenJDK 64-Bit Server VM (21.0.6+-13391695-b895.109, mixed mode, tiered, compressed oops, compressed class ptrs, g1 gc, windows-amd64)
GC Precious Log:
 CardTable entry size: 512
 Card Set container configuration: InlinePtr #cards 5 size 8 Array Of Cards #cards 12 size 40 Howl #buckets 4 coarsen threshold 1843 Howl Bitmap #cards 512 size 80 coarsen threshold 460 Card regions per heap region 1 cards per card region 2048
 CPUs: 12 total, 12 available
 Memory: 16066M
 Large Page Support: Disabled
 NUMA Support: Disabled
 Compressed Oops: Enabled (32-bit)
 Heap Region Size: 1M
 Heap Min Capacity: 8M
 Heap Initial Capacity: 252M
 Heap Max Capacity: 2G
 Pre-touch: Disabled
 Parallel Workers: 10
 Concurrent Workers: 3
 Concurrent Refinement Workers: 10
 Periodic GC: Disabled
Heap:
 garbage-first heap   total 112640K, used 84077K [0x0000000080000000, 0x0000000100000000)
  region size 1024K, 50 young (51200K), 5 survivors (5120K)
 Metaspace       used 64136K, committed 65792K, reserved 1114112K
  class space    used 8785K, committed 9664K, reserved 1048576K
GC Heap History (20 events):
Event: 2.211 GC heap before
{Heap before GC invocations=2 (full 0):
 garbage-first heap   total 258048K, used 63389K [0x0000000080000000, 0x0000000100000000)
  region size 1024K, 54 young (55296K), 5 survivors (5120K)
 Metaspace       used 15150K, committed 15424K, reserved 1114112K
  class space    used 1675K, committed 1792K, reserved 1048576K
}
Event: 2.217 GC heap after
{Heap after GC invocations=3 (full 0):
 garbage-first heap   total 258048K, used 18184K [0x0000000080000000, 0x0000000100000000)
  region size 1024K, 6 young (6144K), 6 survivors (6144K)
 Metaspace       used 15150K, committed 15424K, reserved 1114112K
  class space    used 1675K, committed 1792K, reserved 1048576K
}
Event: 2.639 GC heap before
{Heap before GC invocations=3 (full 0):
 garbage-first heap   total 258048K, used 41736K [0x0000000080000000, 0x0000000100000000)
  region size 1024K, 30 young (30720K), 6 survivors (6144K)
 Metaspace       used 21144K, committed 21504K, reserved 1114112K
  class space    used 2444K, committed 2624K, reserved 1048576K
}
Event: 2.643 GC heap after
{Heap after GC invocations=4 (full 0):
 garbage-first heap   total 258048K, used 20343K [0x0000000080000000, 0x0000000100000000)
  region size 1024K, 8 young (8192K), 8 survivors (8192K)
 Metaspace       used 21144K, committed 21504K, reserved 1114112K
  class space    used 2444K, committed 2624K, reserved 1048576K
}
Event: 3.328 GC heap before
{Heap before GC invocations=5 (full 0):
 garbage-first heap   total 68608K, used 67447K [0x0000000080000000, 0x0000000100000000)
  region size 1024K, 55 young (56320K), 8 survivors (8192K)
 Metaspace       used 28856K, committed 29376K, reserved 1114112K
  class space    used 3650K, committed 3904K, reserved 1048576K
}
Event: 3.335 GC heap after
{Heap after GC invocations=6 (full 0):
 garbage-first heap   total 79872K, used 22619K [0x0000000080000000, 0x0000000100000000)
  region size 1024K, 11 young (11264K), 11 survivors (11264K)
 Metaspace       used 28856K, committed 29376K, reserved 1114112K
  class space    used 3650K, committed 3904K, reserved 1048576K
}
Event: 3.738 GC heap before
{Heap before GC invocations=6 (full 0):
 garbage-first heap   total 79872K, used 57435K [0x0000000080000000, 0x0000000100000000)
  region size 1024K, 46 young (47104K), 11 survivors (11264K)
 Metaspace       used 33401K, committed 34240K, reserved 1114112K
  class space    used 4425K, committed 4800K, reserved 1048576K
}
Event: 3.745 GC heap after
{Heap after GC invocations=7 (full 0):
 garbage-first heap   total 79872K, used 25052K [0x0000000080000000, 0x0000000100000000)
  region size 1024K, 6 young (6144K), 6 survivors (6144K)
 Metaspace       used 33401K, committed 34240K, reserved 1114112K
  class space    used 4425K, committed 4800K, reserved 1048576K
}
Event: 3.912 GC heap before
{Heap before GC invocations=7 (full 0):
 garbage-first heap   total 79872K, used 35292K [0x0000000080000000, 0x0000000100000000)
  region size 1024K, 18 young (18432K), 6 survivors (6144K)
 Metaspace       used 35126K, committed 35968K, reserved 1114112K
  class space    used 4680K, committed 5120K, reserved 1048576K
}
Event: 3.916 GC heap after
{Heap after GC invocations=8 (full 0):
 garbage-first heap   total 79872K, used 25819K [0x0000000080000000, 0x0000000100000000)
  region size 1024K, 4 young (4096K), 4 survivors (4096K)
 Metaspace       used 35126K, committed 35968K, reserved 1114112K
  class space    used 4680K, committed 5120K, reserved 1048576K
}
Event: 4.485 GC heap before
{Heap before GC invocations=9 (full 0):
 garbage-first heap   total 79872K, used 66779K [0x0000000080000000, 0x0000000100000000)
  region size 1024K, 45 young (46080K), 4 survivors (4096K)
 Metaspace       used 42316K, committed 43200K, reserved 1114112K
  class space    used 5509K, committed 5952K, reserved 1048576K
}
Event: 4.490 GC heap after
{Heap after GC invocations=10 (full 0):
 garbage-first heap   total 79872K, used 30031K [0x0000000080000000, 0x0000000100000000)
  region size 1024K, 6 young (6144K), 6 survivors (6144K)
 Metaspace       used 42316K, committed 43200K, reserved 1114112K
  class space    used 5509K, committed 5952K, reserved 1048576K
}
Event: 4.759 GC heap before
{Heap before GC invocations=10 (full 0):
 garbage-first heap   total 79872K, used 67919K [0x0000000080000000, 0x0000000100000000)
  region size 1024K, 42 young (43008K), 6 survivors (6144K)
 Metaspace       used 44794K, committed 45760K, reserved 1114112K
  class space    used 5765K, committed 6272K, reserved 1048576K
}
Event: 4.765 GC heap after
{Heap after GC invocations=11 (full 0):
 garbage-first heap   total 79872K, used 32542K [0x0000000080000000, 0x0000000100000000)
  region size 1024K, 3 young (3072K), 3 survivors (3072K)
 Metaspace       used 44794K, committed 45760K, reserved 1114112K
  class space    used 5765K, committed 6272K, reserved 1048576K
}
Event: 5.333 GC heap before
{Heap before GC invocations=11 (full 0):
 garbage-first heap   total 79872K, used 68382K [0x0000000080000000, 0x0000000100000000)
  region size 1024K, 38 young (38912K), 3 survivors (3072K)
 Metaspace       used 47966K, committed 49152K, reserved 1114112K
  class space    used 6302K, committed 6912K, reserved 1048576K
}
Event: 5.338 GC heap after
{Heap after GC invocations=12 (full 0):
 garbage-first heap   total 112640K, used 34851K [0x0000000080000000, 0x0000000100000000)
  region size 1024K, 5 young (5120K), 5 survivors (5120K)
 Metaspace       used 47966K, committed 49152K, reserved 1114112K
  class space    used 6302K, committed 6912K, reserved 1048576K
}
Event: 6.417 GC heap before
{Heap before GC invocations=12 (full 0):
 garbage-first heap   total 112640K, used 97315K [0x0000000080000000, 0x0000000100000000)
  region size 1024K, 66 young (67584K), 5 survivors (5120K)
 Metaspace       used 56028K, committed 57536K, reserved 1114112K
  class space    used 7557K, committed 8320K, reserved 1048576K
}
Event: 6.424 GC heap after
{Heap after GC invocations=13 (full 0):
 garbage-first heap   total 112640K, used 37741K [0x0000000080000000, 0x0000000100000000)
  region size 1024K, 8 young (8192K), 8 survivors (8192K)
 Metaspace       used 56028K, committed 57536K, reserved 1114112K
  class space    used 7557K, committed 8320K, reserved 1048576K
}
Event: 6.866 GC heap before
{Heap before GC invocations=13 (full 0):
 garbage-first heap   total 112640K, used 56173K [0x0000000080000000, 0x0000000100000000)
  region size 1024K, 27 young (27648K), 8 survivors (8192K)
 Metaspace       used 58532K, committed 60096K, reserved 1114112K
  class space    used 7906K, committed 8704K, reserved 1048576K
}
Event: 6.874 GC heap after
{Heap after GC invocations=14 (full 0):
 garbage-first heap   total 112640K, used 39021K [0x0000000080000000, 0x0000000100000000)
  region size 1024K, 5 young (5120K), 5 survivors (5120K)
 Metaspace       used 58532K, committed 60096K, reserved 1114112K
  class space    used 7906K, committed 8704K, reserved 1048576K
}

