# JRE version: OpenJDK Runtime Environment (21.0.6) (build 21.0.6+-13391695-b895.109)
# Java VM: OpenJDK 64-Bit Server VM (21.0.6+-13391695-b895.109, mixed mode, tiered, compressed oops, compressed class ptrs, g1 gc, windows-amd64)
GC Precious Log:
 CardTable entry size: 512
 Card Set container configuration: InlinePtr #cards 5 size 8 Array Of Cards #cards 12 size 40 Howl #buckets 4 coarsen threshold 1843 Howl Bitmap #cards 512 size 80 coarsen threshold 460 Card regions per heap region 1 cards per card region 2048
 CPUs: 12 total, 12 available
 Memory: 16066M
 Large Page Support: Disabled
 NUMA Support: Disabled
 Compressed Oops: Enabled (32-bit)
 Heap Region Size: 1M
 Heap Min Capacity: 8M
 Heap Initial Capacity: 252M
 Heap Max Capacity: 2G
 Pre-touch: Disabled
 Parallel Workers: 10
 Concurrent Workers: 3
 Concurrent Refinement Workers: 10
 Periodic GC: Disabled
Heap:
 garbage-first heap   total 163840K, used 100773K [0x0000000080000000, 0x0000000100000000)
  region size 1024K, 5 young (5120K), 5 survivors (5120K)
 Metaspace       used 68191K, committed 70016K, reserved 1114112K
  class space    used 9232K, committed 10112K, reserved 1048576K
GC Heap History (20 events):
Event: 6.385 GC heap after
{Heap after GC invocations=8 (full 0):
 garbage-first heap   total 82944K, used 26147K [0x0000000080000000, 0x0000000100000000)
  region size 1024K, 4 young (4096K), 4 survivors (4096K)
 Metaspace       used 35241K, committed 36096K, reserved 1114112K
  class space    used 4736K, committed 5120K, reserved 1048576K
}
Event: 8.480 GC heap before
{Heap before GC invocations=9 (full 0):
 garbage-first heap   total 82944K, used 82467K [0x0000000080000000, 0x0000000100000000)
  region size 1024K, 31 young (31744K), 4 survivors (4096K)
 Metaspace       used 37793K, committed 38720K, reserved 1114112K
  class space    used 5112K, committed 5568K, reserved 1048576K
}
Event: 8.484 GC heap after
{Heap after GC invocations=10 (full 0):
 garbage-first heap   total 93184K, used 60887K [0x0000000080000000, 0x0000000100000000)
  region size 1024K, 6 young (6144K), 6 survivors (6144K)
 Metaspace       used 37793K, committed 38720K, reserved 1114112K
  class space    used 5112K, committed 5568K, reserved 1048576K
}
Event: 8.841 GC heap before
{Heap before GC invocations=10 (full 0):
 garbage-first heap   total 93184K, used 80343K [0x0000000080000000, 0x0000000100000000)
  region size 1024K, 25 young (25600K), 6 survivors (6144K)
 Metaspace       used 40535K, committed 41536K, reserved 1114112K
  class space    used 5551K, committed 6080K, reserved 1048576K
}
Event: 8.844 GC heap after
{Heap after GC invocations=11 (full 0):
 garbage-first heap   total 93184K, used 62160K [0x0000000080000000, 0x0000000100000000)
  region size 1024K, 2 young (2048K), 2 survivors (2048K)
 Metaspace       used 40535K, committed 41536K, reserved 1114112K
  class space    used 5551K, committed 6080K, reserved 1048576K
}
Event: 9.213 GC heap before
{Heap before GC invocations=11 (full 0):
 garbage-first heap   total 93184K, used 82640K [0x0000000080000000, 0x0000000100000000)
  region size 1024K, 23 young (23552K), 2 survivors (2048K)
 Metaspace       used 45568K, committed 46592K, reserved 1114112K
  class space    used 6061K, committed 6592K, reserved 1048576K
}
Event: 9.215 GC heap after
{Heap after GC invocations=12 (full 0):
 garbage-first heap   total 93184K, used 65536K [0x0000000080000000, 0x0000000100000000)
  region size 1024K, 3 young (3072K), 3 survivors (3072K)
 Metaspace       used 45568K, committed 46592K, reserved 1114112K
  class space    used 6061K, committed 6592K, reserved 1048576K
}
Event: 9.352 GC heap before
{Heap before GC invocations=13 (full 0):
 garbage-first heap   total 109568K, used 83968K [0x0000000080000000, 0x0000000100000000)
  region size 1024K, 21 young (21504K), 3 survivors (3072K)
 Metaspace       used 45894K, committed 46912K, reserved 1114112K
  class space    used 6088K, committed 6592K, reserved 1048576K
}
Event: 9.355 GC heap after
{Heap after GC invocations=14 (full 0):
 garbage-first heap   total 109568K, used 67855K [0x0000000080000000, 0x0000000100000000)
  region size 1024K, 2 young (2048K), 2 survivors (2048K)
 Metaspace       used 45894K, committed 46912K, reserved 1114112K
  class space    used 6088K, committed 6592K, reserved 1048576K
}
Event: 9.924 GC heap before
{Heap before GC invocations=14 (full 0):
 garbage-first heap   total 109568K, used 103695K [0x0000000080000000, 0x0000000100000000)
  region size 1024K, 32 young (32768K), 2 survivors (2048K)
 Metaspace       used 49596K, committed 50816K, reserved 1114112K
  class space    used 6512K, committed 7104K, reserved 1048576K
}
Event: 9.927 GC heap after
{Heap after GC invocations=15 (full 0):
 garbage-first heap   total 133120K, used 69956K [0x0000000080000000, 0x0000000100000000)
  region size 1024K, 4 young (4096K), 4 survivors (4096K)
 Metaspace       used 49596K, committed 50816K, reserved 1114112K
  class space    used 6512K, committed 7104K, reserved 1048576K
}
Event: 10.433 GC heap before
{Heap before GC invocations=15 (full 0):
 garbage-first heap   total 133120K, used 118084K [0x0000000080000000, 0x0000000100000000)
  region size 1024K, 51 young (52224K), 4 survivors (4096K)
 Metaspace       used 55171K, committed 56704K, reserved 1114112K
  class space    used 7452K, committed 8192K, reserved 1048576K
}
Event: 10.438 GC heap after
{Heap after GC invocations=16 (full 0):
 garbage-first heap   total 133120K, used 72637K [0x0000000080000000, 0x0000000100000000)
  region size 1024K, 6 young (6144K), 6 survivors (6144K)
 Metaspace       used 55171K, committed 56704K, reserved 1114112K
  class space    used 7452K, committed 8192K, reserved 1048576K
}
Event: 11.239 GC heap before
{Heap before GC invocations=17 (full 0):
 garbage-first heap   total 133120K, used 131005K [0x0000000080000000, 0x0000000100000000)
  region size 1024K, 48 young (49152K), 6 survivors (6144K)
 Metaspace       used 57719K, committed 59392K, reserved 1114112K
  class space    used 7835K, committed 8640K, reserved 1048576K
}
Event: 11.251 GC heap after
{Heap after GC invocations=18 (full 0):
 garbage-first heap   total 144384K, used 94989K [0x0000000080000000, 0x0000000100000000)
  region size 1024K, 7 young (7168K), 7 survivors (7168K)
 Metaspace       used 57719K, committed 59392K, reserved 1114112K
  class space    used 7835K, committed 8640K, reserved 1048576K
}
Event: 11.519 GC heap before
{Heap before GC invocations=18 (full 0):
 garbage-first heap   total 144384K, used 130829K [0x0000000080000000, 0x0000000100000000)
  region size 1024K, 40 young (40960K), 7 survivors (7168K)
 Metaspace       used 59967K, committed 61632K, reserved 1114112K
  class space    used 8029K, committed 8896K, reserved 1048576K
}
Event: 11.522 GC heap after
{Heap after GC invocations=19 (full 0):
 garbage-first heap   total 144384K, used 96113K [0x0000000080000000, 0x0000000100000000)
  region size 1024K, 2 young (2048K), 2 survivors (2048K)
 Metaspace       used 59967K, committed 61632K, reserved 1114112K
  class space    used 8029K, committed 8896K, reserved 1048576K
}
Event: 11.807 GC heap before
{Heap before GC invocations=19 (full 0):
 garbage-first heap   total 144384K, used 131953K [0x0000000080000000, 0x0000000100000000)
  region size 1024K, 37 young (37888K), 2 survivors (2048K)
 Metaspace       used 63970K, committed 65728K, reserved 1114112K
  class space    used 8585K, committed 9472K, reserved 1048576K
}
Event: 11.809 GC heap after
{Heap after GC invocations=20 (full 0):
 garbage-first heap   total 144384K, used 97582K [0x0000000080000000, 0x0000000100000000)
  region size 1024K, 3 young (3072K), 3 survivors (3072K)
 Metaspace       used 63970K, committed 65728K, reserved 1114112K
  class space    used 8585K, committed 9472K, reserved 1048576K
}
Event: 12.303 GC heap before
{Heap before GC invocations=21 (full 0):
 garbage-first heap   total 163840K, used 132398K [0x0000000080000000, 0x0000000100000000)
  region size 1024K, 37 young (37888K), 3 survivors (3072K)
 Metaspace       used 68191K, committed 70016K, reserved 1114112K
  class space    used 9232K, committed 10112K, reserved 1048576K
}

