# JRE version: OpenJDK Runtime Environment (21.0.6) (build 21.0.6+-13391695-b895.109)
# Java VM: OpenJDK 64-Bit Server VM (21.0.6+-13391695-b895.109, mixed mode, tiered, compressed oops, compressed class ptrs, g1 gc, windows-amd64)
GC Precious Log:
 CardTable entry size: 512
 Card Set container configuration: InlinePtr #cards 5 size 8 Array Of Cards #cards 12 size 40 Howl #buckets 4 coarsen threshold 1843 Howl Bitmap #cards 512 size 80 coarsen threshold 460 Card regions per heap region 1 cards per card region 2048
 CPUs: 12 total, 12 available
 Memory: 16066M
 Large Page Support: Disabled
 NUMA Support: Disabled
 Compressed Oops: Enabled (32-bit)
 Heap Region Size: 1M
 Heap Min Capacity: 8M
 Heap Initial Capacity: 252M
 Heap Max Capacity: 2G
 Pre-touch: Disabled
 Parallel Workers: 10
 Concurrent Workers: 3
 Concurrent Refinement Workers: 10
 Periodic GC: Disabled
Heap:
 garbage-first heap   total 244736K, used 183896K [0x0000000080000000, 0x0000000100000000)
  region size 1024K, 44 young (45056K), 5 survivors (5120K)
 Metaspace       used 96120K, committed 98304K, reserved 1179648K
  class space    used 12919K, committed 14016K, reserved 1048576K
GC Heap History (20 events):
Event: 18.074 GC heap before
{Heap before GC invocations=24 (full 0):
 garbage-first heap   total 167936K, used 150021K [0x0000000080000000, 0x0000000100000000)
  region size 1024K, 51 young (52224K), 7 survivors (7168K)
 Metaspace       used 74314K, committed 76224K, reserved 1114112K
  class space    used 10075K, committed 11008K, reserved 1048576K
}
Event: 18.078 GC heap after
{Heap after GC invocations=25 (full 0):
 garbage-first heap   total 167936K, used 109059K [0x0000000080000000, 0x0000000100000000)
  region size 1024K, 4 young (4096K), 4 survivors (4096K)
 Metaspace       used 74314K, committed 76224K, reserved 1114112K
  class space    used 10075K, committed 11008K, reserved 1048576K
}
Event: 18.445 GC heap before
{Heap before GC invocations=26 (full 0):
 garbage-first heap   total 183296K, used 152067K [0x0000000080000000, 0x0000000100000000)
  region size 1024K, 47 young (48128K), 4 survivors (4096K)
 Metaspace       used 74326K, committed 76224K, reserved 1114112K
  class space    used 10077K, committed 11008K, reserved 1048576K
}
Event: 18.448 GC heap after
{Heap after GC invocations=27 (full 0):
 garbage-first heap   total 183296K, used 110011K [0x0000000080000000, 0x0000000100000000)
  region size 1024K, 4 young (4096K), 4 survivors (4096K)
 Metaspace       used 74326K, committed 76224K, reserved 1114112K
  class space    used 10077K, committed 11008K, reserved 1048576K
}
Event: 19.108 GC heap before
{Heap before GC invocations=27 (full 0):
 garbage-first heap   total 183296K, used 168379K [0x0000000080000000, 0x0000000100000000)
  region size 1024K, 60 young (61440K), 4 survivors (4096K)
 Metaspace       used 74502K, committed 76480K, reserved 1114112K
  class space    used 10097K, committed 11072K, reserved 1048576K
}
Event: 19.116 GC heap after
{Heap after GC invocations=28 (full 0):
 garbage-first heap   total 183296K, used 113154K [0x0000000080000000, 0x0000000100000000)
  region size 1024K, 6 young (6144K), 6 survivors (6144K)
 Metaspace       used 74502K, committed 76480K, reserved 1114112K
  class space    used 10097K, committed 11072K, reserved 1048576K
}
Event: 19.202 GC heap before
{Heap before GC invocations=28 (full 0):
 garbage-first heap   total 183296K, used 114178K [0x0000000080000000, 0x0000000100000000)
  region size 1024K, 8 young (8192K), 6 survivors (6144K)
 Metaspace       used 74508K, committed 76480K, reserved 1114112K
  class space    used 10099K, committed 11072K, reserved 1048576K
}
Event: 19.207 GC heap after
{Heap after GC invocations=29 (full 0):
 garbage-first heap   total 183296K, used 114375K [0x0000000080000000, 0x0000000100000000)
  region size 1024K, 2 young (2048K), 2 survivors (2048K)
 Metaspace       used 74508K, committed 76480K, reserved 1114112K
  class space    used 10099K, committed 11072K, reserved 1048576K
}
Event: 20.342 GC heap before
{Heap before GC invocations=30 (full 0):
 garbage-first heap   total 199680K, used 158407K [0x0000000080000000, 0x0000000100000000)
  region size 1024K, 34 young (34816K), 2 survivors (2048K)
 Metaspace       used 76388K, committed 78336K, reserved 1179648K
  class space    used 10314K, committed 11264K, reserved 1048576K
}
Event: 20.346 GC heap after
{Heap after GC invocations=31 (full 0):
 garbage-first heap   total 199680K, used 131676K [0x0000000080000000, 0x0000000100000000)
  region size 1024K, 5 young (5120K), 5 survivors (5120K)
 Metaspace       used 76388K, committed 78336K, reserved 1179648K
  class space    used 10314K, committed 11264K, reserved 1048576K
}
Event: 20.812 GC heap before
{Heap before GC invocations=31 (full 0):
 garbage-first heap   total 199680K, used 165468K [0x0000000080000000, 0x0000000100000000)
  region size 1024K, 39 young (39936K), 5 survivors (5120K)
 Metaspace       used 79618K, committed 81536K, reserved 1179648K
  class space    used 10680K, committed 11648K, reserved 1048576K
}
Event: 20.815 GC heap after
{Heap after GC invocations=32 (full 0):
 garbage-first heap   total 199680K, used 131205K [0x0000000080000000, 0x0000000100000000)
  region size 1024K, 2 young (2048K), 2 survivors (2048K)
 Metaspace       used 79618K, committed 81536K, reserved 1179648K
  class space    used 10680K, committed 11648K, reserved 1048576K
}
Event: 21.356 GC heap before
{Heap before GC invocations=32 (full 0):
 garbage-first heap   total 199680K, used 166021K [0x0000000080000000, 0x0000000100000000)
  region size 1024K, 38 young (38912K), 2 survivors (2048K)
 Metaspace       used 84061K, committed 86080K, reserved 1179648K
  class space    used 11301K, committed 12352K, reserved 1048576K
}
Event: 21.359 GC heap after
{Heap after GC invocations=33 (full 0):
 garbage-first heap   total 199680K, used 133991K [0x0000000080000000, 0x0000000100000000)
  region size 1024K, 4 young (4096K), 4 survivors (4096K)
 Metaspace       used 84061K, committed 86080K, reserved 1179648K
  class space    used 11301K, committed 12352K, reserved 1048576K
}
Event: 21.760 GC heap before
{Heap before GC invocations=34 (full 0):
 garbage-first heap   total 232448K, used 178023K [0x0000000080000000, 0x0000000100000000)
  region size 1024K, 42 young (43008K), 4 survivors (4096K)
 Metaspace       used 86053K, committed 88128K, reserved 1179648K
  class space    used 11578K, committed 12608K, reserved 1048576K
}
Event: 21.764 GC heap after
{Heap after GC invocations=35 (full 0):
 garbage-first heap   total 232448K, used 138346K [0x0000000080000000, 0x0000000100000000)
  region size 1024K, 6 young (6144K), 6 survivors (6144K)
 Metaspace       used 86053K, committed 88128K, reserved 1179648K
  class space    used 11578K, committed 12608K, reserved 1048576K
}
Event: 22.504 GC heap before
{Heap before GC invocations=35 (full 0):
 garbage-first heap   total 232448K, used 192618K [0x0000000080000000, 0x0000000100000000)
  region size 1024K, 59 young (60416K), 6 survivors (6144K)
 Metaspace       used 91315K, committed 93376K, reserved 1179648K
  class space    used 12235K, committed 13248K, reserved 1048576K
}
Event: 22.509 GC heap after
{Heap after GC invocations=36 (full 0):
 garbage-first heap   total 232448K, used 140182K [0x0000000080000000, 0x0000000100000000)
  region size 1024K, 3 young (3072K), 3 survivors (3072K)
 Metaspace       used 91315K, committed 93376K, reserved 1179648K
  class space    used 12235K, committed 13248K, reserved 1048576K
}
Event: 23.108 GC heap before
{Heap before GC invocations=36 (full 0):
 garbage-first heap   total 232448K, used 186262K [0x0000000080000000, 0x0000000100000000)
  region size 1024K, 49 young (50176K), 3 survivors (3072K)
 Metaspace       used 94823K, committed 96960K, reserved 1179648K
  class space    used 12709K, committed 13760K, reserved 1048576K
}
Event: 23.112 GC heap after
{Heap after GC invocations=37 (full 0):
 garbage-first heap   total 232448K, used 141912K [0x0000000080000000, 0x0000000100000000)
  region size 1024K, 5 young (5120K), 5 survivors (5120K)
 Metaspace       used 94823K, committed 96960K, reserved 1179648K
  class space    used 12709K, committed 13760K, reserved 1048576K
}

