# JRE version: OpenJDK Runtime Environment (21.0.6) (build 21.0.6+-13391695-b895.109)
# Java VM: OpenJDK 64-Bit Server VM (21.0.6+-13391695-b895.109, mixed mode, tiered, compressed oops, compressed class ptrs, g1 gc, windows-amd64)
GC Precious Log:
 CardTable entry size: 512
 Card Set container configuration: InlinePtr #cards 5 size 8 Array Of Cards #cards 12 size 40 Howl #buckets 4 coarsen threshold 1843 Howl Bitmap #cards 512 size 80 coarsen threshold 460 Card regions per heap region 1 cards per card region 2048
 CPUs: 12 total, 12 available
 Memory: 16066M
 Large Page Support: Disabled
 NUMA Support: Disabled
 Compressed Oops: Enabled (32-bit)
 Heap Region Size: 1M
 Heap Min Capacity: 8M
 Heap Initial Capacity: 252M
 Heap Max Capacity: 2G
 Pre-touch: Disabled
 Parallel Workers: 10
 Concurrent Workers: 3
 Concurrent Refinement Workers: 10
 Periodic GC: Disabled
Heap:
 garbage-first heap   total 156672K, used 109814K [0x0000000080000000, 0x0000000100000000)
  region size 1024K, 21 young (21504K), 7 survivors (7168K)
 Metaspace       used 60255K, committed 61888K, reserved 1114112K
  class space    used 8070K, committed 8896K, reserved 1048576K
GC Heap History (20 events):
Event: 2.707 GC heap before
{Heap before GC invocations=3 (full 0):
 garbage-first heap   total 258048K, used 42267K [0x0000000080000000, 0x0000000100000000)
  region size 1024K, 31 young (31744K), 5 survivors (5120K)
 Metaspace       used 21187K, committed 21504K, reserved 1114112K
  class space    used 2430K, committed 2624K, reserved 1048576K
}
Event: 2.711 GC heap after
{Heap after GC invocations=4 (full 0):
 garbage-first heap   total 258048K, used 20286K [0x0000000080000000, 0x0000000100000000)
  region size 1024K, 9 young (9216K), 9 survivors (9216K)
 Metaspace       used 21187K, committed 21504K, reserved 1114112K
  class space    used 2430K, committed 2624K, reserved 1048576K
}
Event: 3.162 GC heap before
{Heap before GC invocations=5 (full 0):
 garbage-first heap   total 71680K, used 53054K [0x0000000080000000, 0x0000000100000000)
  region size 1024K, 42 young (43008K), 9 survivors (9216K)
 Metaspace       used 27162K, committed 27712K, reserved 1114112K
  class space    used 3330K, committed 3584K, reserved 1048576K
}
Event: 3.167 GC heap after
{Heap after GC invocations=6 (full 0):
 garbage-first heap   total 71680K, used 21956K [0x0000000080000000, 0x0000000100000000)
  region size 1024K, 3 young (3072K), 3 survivors (3072K)
 Metaspace       used 27162K, committed 27712K, reserved 1114112K
  class space    used 3330K, committed 3584K, reserved 1048576K
}
Event: 3.446 GC heap before
{Heap before GC invocations=6 (full 0):
 garbage-first heap   total 71680K, used 55748K [0x0000000080000000, 0x0000000100000000)
  region size 1024K, 36 young (36864K), 3 survivors (3072K)
 Metaspace       used 31573K, committed 32192K, reserved 1114112K
  class space    used 4099K, committed 4416K, reserved 1048576K
}
Event: 3.449 GC heap after
{Heap after GC invocations=7 (full 0):
 garbage-first heap   total 71680K, used 24359K [0x0000000080000000, 0x0000000100000000)
  region size 1024K, 5 young (5120K), 5 survivors (5120K)
 Metaspace       used 31573K, committed 32192K, reserved 1114112K
  class space    used 4099K, committed 4416K, reserved 1048576K
}
Event: 3.740 GC heap before
{Heap before GC invocations=7 (full 0):
 garbage-first heap   total 71680K, used 63271K [0x0000000080000000, 0x0000000100000000)
  region size 1024K, 33 young (33792K), 5 survivors (5120K)
 Metaspace       used 35266K, committed 36096K, reserved 1114112K
  class space    used 4740K, committed 5120K, reserved 1048576K
}
Event: 3.743 GC heap after
{Heap after GC invocations=8 (full 0):
 garbage-first heap   total 72704K, used 38626K [0x0000000080000000, 0x0000000100000000)
  region size 1024K, 5 young (5120K), 5 survivors (5120K)
 Metaspace       used 35266K, committed 36096K, reserved 1114112K
  class space    used 4740K, committed 5120K, reserved 1048576K
}
Event: 3.944 GC heap before
{Heap before GC invocations=9 (full 0):
 garbage-first heap   total 72704K, used 72418K [0x0000000080000000, 0x0000000100000000)
  region size 1024K, 21 young (21504K), 5 survivors (5120K)
 Metaspace       used 36668K, committed 37632K, reserved 1114112K
  class space    used 4980K, committed 5440K, reserved 1048576K
}
Event: 3.949 GC heap after
{Heap after GC invocations=10 (full 0):
 garbage-first heap   total 149504K, used 60678K [0x0000000080000000, 0x0000000100000000)
  region size 1024K, 4 young (4096K), 4 survivors (4096K)
 Metaspace       used 36668K, committed 37632K, reserved 1114112K
  class space    used 4980K, committed 5440K, reserved 1048576K
}
Event: 4.474 GC heap before
{Heap before GC invocations=10 (full 0):
 garbage-first heap   total 149504K, used 113926K [0x0000000080000000, 0x0000000100000000)
  region size 1024K, 57 young (58368K), 4 survivors (4096K)
 Metaspace       used 45843K, committed 46848K, reserved 1114112K
  class space    used 6081K, committed 6592K, reserved 1048576K
}
Event: 4.479 GC heap after
{Heap after GC invocations=11 (full 0):
 garbage-first heap   total 149504K, used 66008K [0x0000000080000000, 0x0000000100000000)
  region size 1024K, 8 young (8192K), 8 survivors (8192K)
 Metaspace       used 45843K, committed 46848K, reserved 1114112K
  class space    used 6081K, committed 6592K, reserved 1048576K
}
Event: 5.053 GC heap before
{Heap before GC invocations=11 (full 0):
 garbage-first heap   total 149504K, used 126424K [0x0000000080000000, 0x0000000100000000)
  region size 1024K, 63 young (64512K), 8 survivors (8192K)
 Metaspace       used 50925K, committed 52160K, reserved 1114112K
  class space    used 6750K, committed 7360K, reserved 1048576K
}
Event: 5.058 GC heap after
{Heap after GC invocations=12 (full 0):
 garbage-first heap   total 149504K, used 70744K [0x0000000080000000, 0x0000000100000000)
  region size 1024K, 8 young (8192K), 8 survivors (8192K)
 Metaspace       used 50925K, committed 52160K, reserved 1114112K
  class space    used 6750K, committed 7360K, reserved 1048576K
}
Event: 5.563 GC heap before
{Heap before GC invocations=12 (full 0):
 garbage-first heap   total 149504K, used 122968K [0x0000000080000000, 0x0000000100000000)
  region size 1024K, 60 young (61440K), 8 survivors (8192K)
 Metaspace       used 56946K, committed 58432K, reserved 1114112K
  class space    used 7748K, committed 8512K, reserved 1048576K
}
Event: 5.572 GC heap after
{Heap after GC invocations=13 (full 0):
 garbage-first heap   total 149504K, used 75136K [0x0000000080000000, 0x0000000100000000)
  region size 1024K, 4 young (4096K), 4 survivors (4096K)
 Metaspace       used 56946K, committed 58432K, reserved 1114112K
  class space    used 7748K, committed 8512K, reserved 1048576K
}
Event: 5.678 GC heap before
{Heap before GC invocations=13 (full 0):
 garbage-first heap   total 149504K, used 76160K [0x0000000080000000, 0x0000000100000000)
  region size 1024K, 6 young (6144K), 4 survivors (4096K)
 Metaspace       used 57025K, committed 58688K, reserved 1114112K
  class space    used 7754K, committed 8576K, reserved 1048576K
}
Event: 5.684 GC heap after
{Heap after GC invocations=14 (full 0):
 garbage-first heap   total 149504K, used 75136K [0x0000000080000000, 0x0000000100000000)
  region size 1024K, 4 young (4096K), 4 survivors (4096K)
 Metaspace       used 57025K, committed 58688K, reserved 1114112K
  class space    used 7754K, committed 8576K, reserved 1048576K
}
Event: 6.213 GC heap before
{Heap before GC invocations=15 (full 0):
 garbage-first heap   total 149504K, used 144768K [0x0000000080000000, 0x0000000100000000)
  region size 1024K, 55 young (56320K), 4 survivors (4096K)
 Metaspace       used 59883K, committed 61504K, reserved 1114112K
  class space    used 8016K, committed 8832K, reserved 1048576K
}
Event: 6.220 GC heap after
{Heap after GC invocations=16 (full 0):
 garbage-first heap   total 156672K, used 96502K [0x0000000080000000, 0x0000000100000000)
  region size 1024K, 7 young (7168K), 7 survivors (7168K)
 Metaspace       used 59883K, committed 61504K, reserved 1114112K
  class space    used 8016K, committed 8832K, reserved 1048576K
}

