# JRE version: OpenJDK Runtime Environment (21.0.6) (build 21.0.6+-13391695-b895.109)
# Java VM: OpenJDK 64-Bit Server VM (21.0.6+-13391695-b895.109, mixed mode, tiered, compressed oops, compressed class ptrs, g1 gc, windows-amd64)
GC Precious Log:
 CardTable entry size: 512
 Card Set container configuration: InlinePtr #cards 5 size 8 Array Of Cards #cards 12 size 40 Howl #buckets 4 coarsen threshold 1843 Howl Bitmap #cards 512 size 80 coarsen threshold 460 Card regions per heap region 1 cards per card region 2048
 CPUs: 12 total, 12 available
 Memory: 16066M
 Large Page Support: Disabled
 NUMA Support: Disabled
 Compressed Oops: Enabled (32-bit)
 Heap Region Size: 1M
 Heap Min Capacity: 8M
 Heap Initial Capacity: 252M
 Heap Max Capacity: 2G
 Pre-touch: Disabled
 Parallel Workers: 10
 Concurrent Workers: 3
 Concurrent Refinement Workers: 10
 Periodic GC: Disabled
Heap:
 garbage-first heap   total 165888K, used 131856K [0x0000000080000000, 0x0000000100000000)
  region size 1024K, 38 young (38912K), 4 survivors (4096K)
 Metaspace       used 70492K, committed 72320K, reserved 1114112K
  class space    used 9581K, committed 10496K, reserved 1048576K
GC Heap History (20 events):
Event: 10.948 GC heap before
{Heap before GC invocations=10 (full 0):
 garbage-first heap   total 81920K, used 71600K [0x0000000080000000, 0x0000000100000000)
  region size 1024K, 17 young (17408K), 5 survivors (5120K)
 Metaspace       used 37856K, committed 38784K, reserved 1114112K
  class space    used 5105K, committed 5568K, reserved 1048576K
}
Event: 10.952 GC heap after
{Heap after GC invocations=11 (full 0):
 garbage-first heap   total 81920K, used 60953K [0x0000000080000000, 0x0000000100000000)
  region size 1024K, 1 young (1024K), 1 survivors (1024K)
 Metaspace       used 37856K, committed 38784K, reserved 1114112K
  class space    used 5105K, committed 5568K, reserved 1048576K
}
Event: 11.324 GC heap before
{Heap before GC invocations=11 (full 0):
 garbage-first heap   total 81920K, used 74265K [0x0000000080000000, 0x0000000100000000)
  region size 1024K, 14 young (14336K), 1 survivors (1024K)
 Metaspace       used 39749K, committed 40704K, reserved 1114112K
  class space    used 5418K, committed 5888K, reserved 1048576K
}
Event: 11.326 GC heap after
{Heap after GC invocations=12 (full 0):
 garbage-first heap   total 81920K, used 61665K [0x0000000080000000, 0x0000000100000000)
  region size 1024K, 2 young (2048K), 2 survivors (2048K)
 Metaspace       used 39749K, committed 40704K, reserved 1114112K
  class space    used 5418K, committed 5888K, reserved 1048576K
}
Event: 11.635 GC heap before
{Heap before GC invocations=13 (full 0):
 garbage-first heap   total 104448K, used 71905K [0x0000000080000000, 0x0000000100000000)
  region size 1024K, 13 young (13312K), 2 survivors (2048K)
 Metaspace       used 41556K, committed 42624K, reserved 1114112K
  class space    used 5626K, committed 6144K, reserved 1048576K
}
Event: 11.638 GC heap after
{Heap after GC invocations=14 (full 0):
 garbage-first heap   total 104448K, used 62849K [0x0000000080000000, 0x0000000100000000)
  region size 1024K, 2 young (2048K), 2 survivors (2048K)
 Metaspace       used 41556K, committed 42624K, reserved 1114112K
  class space    used 5626K, committed 6144K, reserved 1048576K
}
Event: 12.137 GC heap before
{Heap before GC invocations=14 (full 0):
 garbage-first heap   total 104448K, used 92545K [0x0000000080000000, 0x0000000100000000)
  region size 1024K, 32 young (32768K), 2 survivors (2048K)
 Metaspace       used 45867K, committed 46848K, reserved 1114112K
  class space    used 6071K, committed 6528K, reserved 1048576K
}
Event: 12.142 GC heap after
{Heap after GC invocations=15 (full 0):
 garbage-first heap   total 125952K, used 66008K [0x0000000080000000, 0x0000000100000000)
  region size 1024K, 4 young (4096K), 4 survivors (4096K)
 Metaspace       used 45867K, committed 46848K, reserved 1114112K
  class space    used 6071K, committed 6528K, reserved 1048576K
}
Event: 13.344 GC heap before
{Heap before GC invocations=15 (full 0):
 garbage-first heap   total 125952K, used 115160K [0x0000000080000000, 0x0000000100000000)
  region size 1024K, 47 young (48128K), 4 survivors (4096K)
 Metaspace       used 50699K, committed 51968K, reserved 1114112K
  class space    used 6697K, committed 7360K, reserved 1048576K
}
Event: 13.351 GC heap after
{Heap after GC invocations=16 (full 0):
 garbage-first heap   total 125952K, used 70118K [0x0000000080000000, 0x0000000100000000)
  region size 1024K, 6 young (6144K), 6 survivors (6144K)
 Metaspace       used 50699K, committed 51968K, reserved 1114112K
  class space    used 6697K, committed 7360K, reserved 1048576K
}
Event: 16.546 GC heap before
{Heap before GC invocations=17 (full 0):
 garbage-first heap   total 125952K, used 111078K [0x0000000080000000, 0x0000000100000000)
  region size 1024K, 46 young (47104K), 6 survivors (6144K)
 Metaspace       used 55525K, committed 57088K, reserved 1114112K
  class space    used 7489K, committed 8256K, reserved 1048576K
}
Event: 16.551 GC heap after
{Heap after GC invocations=18 (full 0):
 garbage-first heap   total 125952K, used 72875K [0x0000000080000000, 0x0000000100000000)
  region size 1024K, 3 young (3072K), 3 survivors (3072K)
 Metaspace       used 55525K, committed 57088K, reserved 1114112K
  class space    used 7489K, committed 8256K, reserved 1048576K
}
Event: 18.770 GC heap before
{Heap before GC invocations=18 (full 0):
 garbage-first heap   total 132096K, used 128171K [0x0000000080000000, 0x0000000100000000)
  region size 1024K, 42 young (43008K), 3 survivors (3072K)
 Metaspace       used 57793K, committed 59392K, reserved 1114112K
  class space    used 7830K, committed 8640K, reserved 1048576K
}
Event: 18.794 GC heap after
{Heap after GC invocations=19 (full 0):
 garbage-first heap   total 139264K, used 94786K [0x0000000080000000, 0x0000000100000000)
  region size 1024K, 6 young (6144K), 6 survivors (6144K)
 Metaspace       used 57793K, committed 59392K, reserved 1114112K
  class space    used 7830K, committed 8640K, reserved 1048576K
}
Event: 19.606 GC heap before
{Heap before GC invocations=19 (full 0):
 garbage-first heap   total 139264K, used 98882K [0x0000000080000000, 0x0000000100000000)
  region size 1024K, 12 young (12288K), 6 survivors (6144K)
 Metaspace       used 58299K, committed 59904K, reserved 1114112K
  class space    used 7868K, committed 8640K, reserved 1048576K
}
Event: 19.701 GC heap after
{Heap after GC invocations=20 (full 0):
 garbage-first heap   total 139264K, used 96331K [0x0000000080000000, 0x0000000100000000)
  region size 1024K, 2 young (2048K), 2 survivors (2048K)
 Metaspace       used 58299K, committed 59904K, reserved 1114112K
  class space    used 7868K, committed 8640K, reserved 1048576K
}
Event: 20.010 GC heap before
{Heap before GC invocations=21 (full 0):
 garbage-first heap   total 165888K, used 129099K [0x0000000080000000, 0x0000000100000000)
  region size 1024K, 32 young (32768K), 2 survivors (2048K)
 Metaspace       used 59984K, committed 61632K, reserved 1114112K
  class space    used 8021K, committed 8832K, reserved 1048576K
}
Event: 20.013 GC heap after
{Heap after GC invocations=22 (full 0):
 garbage-first heap   total 165888K, used 95972K [0x0000000080000000, 0x0000000100000000)
  region size 1024K, 1 young (1024K), 1 survivors (1024K)
 Metaspace       used 59984K, committed 61632K, reserved 1114112K
  class space    used 8021K, committed 8832K, reserved 1048576K
}
Event: 21.154 GC heap before
{Heap before GC invocations=22 (full 0):
 garbage-first heap   total 165888K, used 152292K [0x0000000080000000, 0x0000000100000000)
  region size 1024K, 56 young (57344K), 1 survivors (1024K)
 Metaspace       used 67233K, committed 68992K, reserved 1114112K
  class space    used 9072K, committed 9920K, reserved 1048576K
}
Event: 21.158 GC heap after
{Heap after GC invocations=23 (full 0):
 garbage-first heap   total 165888K, used 98064K [0x0000000080000000, 0x0000000100000000)
  region size 1024K, 4 young (4096K), 4 survivors (4096K)
 Metaspace       used 67233K, committed 68992K, reserved 1114112K
  class space    used 9072K, committed 9920K, reserved 1048576K
}

