# JRE version: OpenJDK Runtime Environment (21.0.6) (build 21.0.6+-13391695-b895.109)
# Java VM: OpenJDK 64-Bit Server VM (21.0.6+-13391695-b895.109, mixed mode, tiered, compressed oops, compressed class ptrs, g1 gc, windows-amd64)
GC Precious Log:
 CardTable entry size: 512
 Card Set container configuration: InlinePtr #cards 4 size 8 Array Of Cards #cards 16 size 48 Howl #buckets 8 coarsen threshold 3686 Howl Bitmap #cards 512 size 80 coarsen threshold 460 Card regions per heap region 1 cards per card region 4096
 CPUs: 12 total, 12 available
 Memory: 16066M
 Large Page Support: Disabled
 NUMA Support: Disabled
 Compressed Oops: Enabled (Zero based)
 Heap Region Size: 2M
 Heap Min Capacity: 8M
 Heap Initial Capacity: 252M
 Heap Max Capacity: 4018M
 Pre-touch: Disabled
 Parallel Workers: 10
 Concurrent Workers: 3
 Concurrent Refinement Workers: 10
 Periodic GC: Disabled
Heap:
 garbage-first heap   total 376832K, used 300006K [0x0000000704e00000, 0x0000000800000000)
  region size 2048K, 40 young (81920K), 2 survivors (4096K)
 Metaspace       used 90199K, committed 90560K, reserved 1179648K
  class space    used 8980K, committed 9152K, reserved 1048576K
GC Heap History (20 events):
Event: 4.416 GC heap before
{Heap before GC invocations=18 (full 0):
 garbage-first heap   total 120832K, used 102992K [0x0000000704e00000, 0x0000000800000000)
  region size 2048K, 14 young (28672K), 2 survivors (4096K)
 Metaspace       used 50862K, committed 51136K, reserved 1114112K
  class space    used 5755K, committed 5888K, reserved 1048576K
}
Event: 4.428 GC heap after
{Heap after GC invocations=19 (full 0):
 garbage-first heap   total 241664K, used 86016K [0x0000000704e00000, 0x0000000800000000)
  region size 2048K, 2 young (4096K), 2 survivors (4096K)
 Metaspace       used 50862K, committed 51136K, reserved 1114112K
  class space    used 5755K, committed 5888K, reserved 1048576K
}
Event: 5.846 GC heap before
{Heap before GC invocations=19 (full 0):
 garbage-first heap   total 241664K, used 182272K [0x0000000704e00000, 0x0000000800000000)
  region size 2048K, 50 young (102400K), 2 survivors (4096K)
 Metaspace       used 56564K, committed 56896K, reserved 1114112K
  class space    used 6272K, committed 6400K, reserved 1048576K
}
Event: 5.863 GC heap after
{Heap after GC invocations=20 (full 0):
 garbage-first heap   total 241664K, used 103242K [0x0000000704e00000, 0x0000000800000000)
  region size 2048K, 7 young (14336K), 7 survivors (14336K)
 Metaspace       used 56564K, committed 56896K, reserved 1114112K
  class space    used 6272K, committed 6400K, reserved 1048576K
}
Event: 5.972 GC heap before
{Heap before GC invocations=20 (full 0):
 garbage-first heap   total 241664K, used 185162K [0x0000000704e00000, 0x0000000800000000)
  region size 2048K, 47 young (96256K), 7 survivors (14336K)
 Metaspace       used 56568K, committed 56896K, reserved 1114112K
  class space    used 6272K, committed 6400K, reserved 1048576K
}
Event: 5.985 GC heap after
{Heap after GC invocations=21 (full 0):
 garbage-first heap   total 241664K, used 121853K [0x0000000704e00000, 0x0000000800000000)
  region size 2048K, 6 young (12288K), 6 survivors (12288K)
 Metaspace       used 56568K, committed 56896K, reserved 1114112K
  class space    used 6272K, committed 6400K, reserved 1048576K
}
Event: 6.583 GC heap before
{Heap before GC invocations=21 (full 0):
 garbage-first heap   total 241664K, used 195581K [0x0000000704e00000, 0x0000000800000000)
  region size 2048K, 42 young (86016K), 6 survivors (12288K)
 Metaspace       used 57184K, committed 57536K, reserved 1114112K
  class space    used 6316K, committed 6464K, reserved 1048576K
}
Event: 6.593 GC heap after
{Heap after GC invocations=22 (full 0):
 garbage-first heap   total 241664K, used 136447K [0x0000000704e00000, 0x0000000800000000)
  region size 2048K, 6 young (12288K), 6 survivors (12288K)
 Metaspace       used 57184K, committed 57536K, reserved 1114112K
  class space    used 6316K, committed 6464K, reserved 1048576K
}
Event: 7.620 GC heap before
{Heap before GC invocations=23 (full 0):
 garbage-first heap   total 241664K, used 204031K [0x0000000704e00000, 0x0000000800000000)
  region size 2048K, 39 young (79872K), 6 survivors (12288K)
 Metaspace       used 57719K, committed 58048K, reserved 1114112K
  class space    used 6345K, committed 6464K, reserved 1048576K
}
Event: 7.629 GC heap after
{Heap after GC invocations=24 (full 0):
 garbage-first heap   total 356352K, used 143814K [0x0000000704e00000, 0x0000000800000000)
  region size 2048K, 3 young (6144K), 3 survivors (6144K)
 Metaspace       used 57719K, committed 58048K, reserved 1114112K
  class space    used 6345K, committed 6464K, reserved 1048576K
}
Event: 8.309 GC heap before
{Heap before GC invocations=24 (full 0):
 garbage-first heap   total 356352K, used 295366K [0x0000000704e00000, 0x0000000800000000)
  region size 2048K, 77 young (157696K), 3 survivors (6144K)
 Metaspace       used 57873K, committed 58240K, reserved 1114112K
  class space    used 6346K, committed 6528K, reserved 1048576K
}
Event: 8.318 GC heap after
{Heap after GC invocations=25 (full 0):
 garbage-first heap   total 356352K, used 170928K [0x0000000704e00000, 0x0000000800000000)
  region size 2048K, 10 young (20480K), 10 survivors (20480K)
 Metaspace       used 57873K, committed 58240K, reserved 1114112K
  class space    used 6346K, committed 6528K, reserved 1048576K
}
Event: 10.221 GC heap before
{Heap before GC invocations=25 (full 0):
 garbage-first heap   total 356352K, used 287664K [0x0000000704e00000, 0x0000000800000000)
  region size 2048K, 67 young (137216K), 10 survivors (20480K)
 Metaspace       used 64857K, committed 65152K, reserved 1114112K
  class space    used 6909K, committed 7040K, reserved 1048576K
}
Event: 10.237 GC heap after
{Heap after GC invocations=26 (full 0):
 garbage-first heap   total 356352K, used 191915K [0x0000000704e00000, 0x0000000800000000)
  region size 2048K, 9 young (18432K), 9 survivors (18432K)
 Metaspace       used 64857K, committed 65152K, reserved 1114112K
  class space    used 6909K, committed 7040K, reserved 1048576K
}
Event: 12.059 GC heap before
{Heap before GC invocations=27 (full 0):
 garbage-first heap   total 356352K, used 300459K [0x0000000704e00000, 0x0000000800000000)
  region size 2048K, 62 young (126976K), 9 survivors (18432K)
 Metaspace       used 73930K, committed 74240K, reserved 1179648K
  class space    used 7659K, committed 7808K, reserved 1048576K
}
Event: 12.078 GC heap after
{Heap after GC invocations=28 (full 0):
 garbage-first heap   total 356352K, used 210333K [0x0000000704e00000, 0x0000000800000000)
  region size 2048K, 8 young (16384K), 8 survivors (16384K)
 Metaspace       used 73930K, committed 74240K, reserved 1179648K
  class space    used 7659K, committed 7808K, reserved 1048576K
}
Event: 14.071 GC heap before
{Heap before GC invocations=28 (full 0):
 garbage-first heap   total 356352K, used 308637K [0x0000000704e00000, 0x0000000800000000)
  region size 2048K, 56 young (114688K), 8 survivors (16384K)
 Metaspace       used 83542K, committed 83968K, reserved 1179648K
  class space    used 8531K, committed 8704K, reserved 1048576K
}
Event: 14.086 GC heap after
{Heap after GC invocations=29 (full 0):
 garbage-first heap   total 356352K, used 221597K [0x0000000704e00000, 0x0000000800000000)
  region size 2048K, 7 young (14336K), 7 survivors (14336K)
 Metaspace       used 83542K, committed 83968K, reserved 1179648K
  class space    used 8531K, committed 8704K, reserved 1048576K
}
Event: 14.301 GC heap before
{Heap before GC invocations=29 (full 0):
 garbage-first heap   total 356352K, used 231837K [0x0000000704e00000, 0x0000000800000000)
  region size 2048K, 13 young (26624K), 7 survivors (14336K)
 Metaspace       used 84076K, committed 84480K, reserved 1179648K
  class space    used 8540K, committed 8704K, reserved 1048576K
}
Event: 14.309 GC heap after
{Heap after GC invocations=30 (full 0):
 garbage-first heap   total 356352K, used 224230K [0x0000000704e00000, 0x0000000800000000)
  region size 2048K, 2 young (4096K), 2 survivors (4096K)
 Metaspace       used 84076K, committed 84480K, reserved 1179648K
  class space    used 8540K, committed 8704K, reserved 1048576K
}

