# JRE version: OpenJDK Runtime Environment (21.0.6) (build 21.0.6+-13391695-b895.109)
# Java VM: OpenJDK 64-Bit Server VM (21.0.6+-13391695-b895.109, mixed mode, tiered, compressed oops, compressed class ptrs, g1 gc, windows-amd64)
GC Precious Log:
 CardTable entry size: 512
 Card Set container configuration: InlinePtr #cards 5 size 8 Array Of Cards #cards 12 size 40 Howl #buckets 4 coarsen threshold 1843 Howl Bitmap #cards 512 size 80 coarsen threshold 460 Card regions per heap region 1 cards per card region 2048
 CPUs: 12 total, 12 available
 Memory: 16066M
 Large Page Support: Disabled
 NUMA Support: Disabled
 Compressed Oops: Enabled (32-bit)
 Heap Region Size: 1M
 Heap Min Capacity: 8M
 Heap Initial Capacity: 252M
 Heap Max Capacity: 2G
 Pre-touch: Disabled
 Parallel Workers: 10
 Concurrent Workers: 3
 Concurrent Refinement Workers: 10
 Periodic GC: Disabled
Heap:
 garbage-first heap   total 357376K, used 232952K [0x0000000080000000, 0x0000000100000000)
  region size 1024K, 17 young (17408K), 10 survivors (10240K)
 Metaspace       used 179812K, committed 182592K, reserved 1245184K
  class space    used 23047K, committed 24448K, reserved 1048576K
GC Heap History (20 events):
Event: 65.229 GC heap before
{Heap before GC invocations=42 (full 0):
 garbage-first heap   total 254976K, used 232365K [0x0000000080000000, 0x0000000100000000)
  region size 1024K, 75 young (76800K), 10 survivors (10240K)
 Metaspace       used 116339K, committed 118592K, reserved 1179648K
  class space    used 15689K, committed 16832K, reserved 1048576K
}
Event: 65.260 GC heap after
{Heap after GC invocations=43 (full 0):
 garbage-first heap   total 266240K, used 179007K [0x0000000080000000, 0x0000000100000000)
  region size 1024K, 10 young (10240K), 10 survivors (10240K)
 Metaspace       used 116339K, committed 118592K, reserved 1179648K
  class space    used 15689K, committed 16832K, reserved 1048576K
}
Event: 66.097 GC heap before
{Heap before GC invocations=43 (full 0):
 garbage-first heap   total 266240K, used 216895K [0x0000000080000000, 0x0000000100000000)
  region size 1024K, 48 young (49152K), 10 survivors (10240K)
 Metaspace       used 119635K, committed 121856K, reserved 1179648K
  class space    used 16085K, committed 17216K, reserved 1048576K
}
Event: 66.108 GC heap after
{Heap after GC invocations=44 (full 0):
 garbage-first heap   total 266240K, used 185721K [0x0000000080000000, 0x0000000100000000)
  region size 1024K, 6 young (6144K), 6 survivors (6144K)
 Metaspace       used 119635K, committed 121856K, reserved 1179648K
  class space    used 16085K, committed 17216K, reserved 1048576K
}
Event: 67.129 GC heap before
{Heap before GC invocations=45 (full 0):
 garbage-first heap   total 321536K, used 244089K [0x0000000080000000, 0x0000000100000000)
  region size 1024K, 57 young (58368K), 6 survivors (6144K)
 Metaspace       used 125095K, committed 127296K, reserved 1179648K
  class space    used 16555K, committed 17664K, reserved 1048576K
}
Event: 67.135 GC heap after
{Heap after GC invocations=46 (full 0):
 garbage-first heap   total 321536K, used 196847K [0x0000000080000000, 0x0000000100000000)
  region size 1024K, 5 young (5120K), 5 survivors (5120K)
 Metaspace       used 125095K, committed 127296K, reserved 1179648K
  class space    used 16555K, committed 17664K, reserved 1048576K
}
Event: 68.194 GC heap before
{Heap before GC invocations=46 (full 0):
 garbage-first heap   total 321536K, used 278767K [0x0000000080000000, 0x0000000100000000)
  region size 1024K, 84 young (86016K), 5 survivors (5120K)
 Metaspace       used 134963K, committed 137472K, reserved 1179648K
  class space    used 17862K, committed 19136K, reserved 1048576K
}
Event: 68.201 GC heap after
{Heap after GC invocations=47 (full 0):
 garbage-first heap   total 321536K, used 200720K [0x0000000080000000, 0x0000000100000000)
  region size 1024K, 10 young (10240K), 10 survivors (10240K)
 Metaspace       used 134963K, committed 137472K, reserved 1179648K
  class space    used 17862K, committed 19136K, reserved 1048576K
}
Event: 74.067 GC heap before
{Heap before GC invocations=47 (full 0):
 garbage-first heap   total 321536K, used 285712K [0x0000000080000000, 0x0000000100000000)
  region size 1024K, 93 young (95232K), 10 survivors (10240K)
 Metaspace       used 137618K, committed 140096K, reserved 1179648K
  class space    used 18135K, committed 19392K, reserved 1048576K
}
Event: 74.074 GC heap after
{Heap after GC invocations=48 (full 0):
 garbage-first heap   total 321536K, used 207372K [0x0000000080000000, 0x0000000100000000)
  region size 1024K, 12 young (12288K), 12 survivors (12288K)
 Metaspace       used 137618K, committed 140096K, reserved 1179648K
  class space    used 18135K, committed 19392K, reserved 1048576K
}
Event: 75.599 GC heap before
{Heap before GC invocations=48 (full 0):
 garbage-first heap   total 321536K, used 291340K [0x0000000080000000, 0x0000000100000000)
  region size 1024K, 94 young (96256K), 12 survivors (12288K)
 Metaspace       used 144785K, committed 147392K, reserved 1179648K
  class space    used 18798K, committed 20096K, reserved 1048576K
}
Event: 75.606 GC heap after
{Heap after GC invocations=49 (full 0):
 garbage-first heap   total 321536K, used 214016K [0x0000000080000000, 0x0000000100000000)
  region size 1024K, 12 young (12288K), 12 survivors (12288K)
 Metaspace       used 144785K, committed 147392K, reserved 1179648K
  class space    used 18798K, committed 20096K, reserved 1048576K
}
Event: 76.568 GC heap before
{Heap before GC invocations=50 (full 0):
 garbage-first heap   total 357376K, used 290816K [0x0000000080000000, 0x0000000100000000)
  region size 1024K, 87 young (89088K), 12 survivors (12288K)
 Metaspace       used 154690K, committed 157312K, reserved 1245184K
  class space    used 19855K, committed 21184K, reserved 1048576K
}
Event: 76.579 GC heap after
{Heap after GC invocations=51 (full 0):
 garbage-first heap   total 357376K, used 220484K [0x0000000080000000, 0x0000000100000000)
  region size 1024K, 6 young (6144K), 6 survivors (6144K)
 Metaspace       used 154690K, committed 157312K, reserved 1245184K
  class space    used 19855K, committed 21184K, reserved 1048576K
}
Event: 79.095 GC heap before
{Heap before GC invocations=51 (full 0):
 garbage-first heap   total 357376K, used 332100K [0x0000000080000000, 0x0000000100000000)
  region size 1024K, 114 young (116736K), 6 survivors (6144K)
 Metaspace       used 167695K, committed 170304K, reserved 1245184K
  class space    used 21160K, committed 22464K, reserved 1048576K
}
Event: 79.102 GC heap after
{Heap after GC invocations=52 (full 0):
 garbage-first heap   total 357376K, used 223826K [0x0000000080000000, 0x0000000100000000)
  region size 1024K, 10 young (10240K), 10 survivors (10240K)
 Metaspace       used 167695K, committed 170304K, reserved 1245184K
  class space    used 21160K, committed 22464K, reserved 1048576K
}
Event: 81.994 GC heap before
{Heap before GC invocations=52 (full 0):
 garbage-first heap   total 357376K, used 329298K [0x0000000080000000, 0x0000000100000000)
  region size 1024K, 111 young (113664K), 10 survivors (10240K)
 Metaspace       used 175860K, committed 178560K, reserved 1245184K
  class space    used 22469K, committed 23808K, reserved 1048576K
}
Event: 82.005 GC heap after
{Heap after GC invocations=53 (full 0):
 garbage-first heap   total 357376K, used 221176K [0x0000000080000000, 0x0000000100000000)
  region size 1024K, 9 young (9216K), 9 survivors (9216K)
 Metaspace       used 175860K, committed 178560K, reserved 1245184K
  class space    used 22469K, committed 23808K, reserved 1048576K
}
Event: 82.929 GC heap before
{Heap before GC invocations=53 (full 0):
 garbage-first heap   total 357376K, used 328696K [0x0000000080000000, 0x0000000100000000)
  region size 1024K, 114 young (116736K), 9 survivors (9216K)
 Metaspace       used 179812K, committed 182592K, reserved 1245184K
  class space    used 23047K, committed 24448K, reserved 1048576K
}
Event: 82.939 GC heap after
{Heap after GC invocations=54 (full 0):
 garbage-first heap   total 357376K, used 226808K [0x0000000080000000, 0x0000000100000000)
  region size 1024K, 10 young (10240K), 10 survivors (10240K)
 Metaspace       used 179812K, committed 182592K, reserved 1245184K
  class space    used 23047K, committed 24448K, reserved 1048576K
}

