# JRE version: OpenJDK Runtime Environment (21.0.6) (build 21.0.6+-13391695-b895.109)
# Java VM: OpenJDK 64-Bit Server VM (21.0.6+-13391695-b895.109, mixed mode, tiered, compressed oops, compressed class ptrs, g1 gc, windows-amd64)
GC Precious Log:
 CardTable entry size: 512
 Card Set container configuration: InlinePtr #cards 5 size 8 Array Of Cards #cards 12 size 40 Howl #buckets 4 coarsen threshold 1843 Howl Bitmap #cards 512 size 80 coarsen threshold 460 Card regions per heap region 1 cards per card region 2048
 CPUs: 12 total, 12 available
 Memory: 16066M
 Large Page Support: Disabled
 NUMA Support: Disabled
 Compressed Oops: Enabled (32-bit)
 Heap Region Size: 1M
 Heap Min Capacity: 8M
 Heap Initial Capacity: 252M
 Heap Max Capacity: 2G
 Pre-touch: Disabled
 Parallel Workers: 10
 Concurrent Workers: 3
 Concurrent Refinement Workers: 10
 Periodic GC: Disabled
Heap:
 garbage-first heap   total 409600K, used 266456K [0x0000000080000000, 0x0000000100000000)
  region size 1024K, 17 young (17408K), 11 survivors (11264K)
 Metaspace       used 251043K, committed 253312K, reserved 1310720K
  class space    used 32255K, committed 33408K, reserved 1048576K
GC Heap History (20 events):
Event: 20586.293 GC heap before
{Heap before GC invocations=135 (full 2):
 garbage-first heap   total 372736K, used 206776K [0x0000000080000000, 0x0000000100000000)
  region size 1024K, 52 young (53248K), 10 survivors (10240K)
 Metaspace       used 163217K, committed 164864K, reserved 1245184K
  class space    used 21678K, committed 22528K, reserved 1048576K
}
Event: 20586.305 GC heap after
{Heap after GC invocations=136 (full 2):
 garbage-first heap   total 372736K, used 164875K [0x0000000080000000, 0x0000000100000000)
  region size 1024K, 10 young (10240K), 10 survivors (10240K)
 Metaspace       used 163217K, committed 164864K, reserved 1245184K
  class space    used 21678K, committed 22528K, reserved 1048576K
}
Event: 20596.148 GC heap before
{Heap before GC invocations=137 (full 2):
 garbage-first heap   total 372736K, used 347147K [0x0000000080000000, 0x0000000100000000)
  region size 1024K, 181 young (185344K), 10 survivors (10240K)
 Metaspace       used 183534K, committed 185216K, reserved 1245184K
  class space    used 24585K, committed 25472K, reserved 1048576K
}
Event: 20596.162 GC heap after
{Heap after GC invocations=138 (full 2):
 garbage-first heap   total 372736K, used 179140K [0x0000000080000000, 0x0000000100000000)
  region size 1024K, 17 young (17408K), 17 survivors (17408K)
 Metaspace       used 183534K, committed 185216K, reserved 1245184K
  class space    used 24585K, committed 25472K, reserved 1048576K
}
Event: 20601.133 GC heap before
{Heap before GC invocations=138 (full 2):
 garbage-first heap   total 372736K, used 348100K [0x0000000080000000, 0x0000000100000000)
  region size 1024K, 167 young (171008K), 17 survivors (17408K)
 Metaspace       used 199061K, committed 200832K, reserved 1245184K
  class space    used 26378K, committed 27264K, reserved 1048576K
}
Event: 20601.152 GC heap after
{Heap after GC invocations=139 (full 2):
 garbage-first heap   total 385024K, used 201024K [0x0000000080000000, 0x0000000100000000)
  region size 1024K, 21 young (21504K), 21 survivors (21504K)
 Metaspace       used 199061K, committed 200832K, reserved 1245184K
  class space    used 26378K, committed 27264K, reserved 1048576K
}
Event: 20605.234 GC heap before
{Heap before GC invocations=139 (full 2):
 garbage-first heap   total 385024K, used 323904K [0x0000000080000000, 0x0000000100000000)
  region size 1024K, 142 young (145408K), 21 survivors (21504K)
 Metaspace       used 214545K, committed 216704K, reserved 1245184K
  class space    used 28210K, committed 29312K, reserved 1048576K
}
Event: 20605.254 GC heap after
{Heap after GC invocations=140 (full 2):
 garbage-first heap   total 385024K, used 211284K [0x0000000080000000, 0x0000000100000000)
  region size 1024K, 9 young (9216K), 9 survivors (9216K)
 Metaspace       used 214545K, committed 216704K, reserved 1245184K
  class space    used 28210K, committed 29312K, reserved 1048576K
}
Event: 20608.874 GC heap before
{Heap before GC invocations=141 (full 2):
 garbage-first heap   total 385024K, used 348500K [0x0000000080000000, 0x0000000100000000)
  region size 1024K, 143 young (146432K), 9 survivors (9216K)
 Metaspace       used 226359K, committed 228544K, reserved 1310720K
  class space    used 29547K, committed 30656K, reserved 1048576K
}
Event: 20608.893 GC heap after
{Heap after GC invocations=142 (full 2):
 garbage-first heap   total 385024K, used 217653K [0x0000000080000000, 0x0000000100000000)
  region size 1024K, 16 young (16384K), 16 survivors (16384K)
 Metaspace       used 226359K, committed 228544K, reserved 1310720K
  class space    used 29547K, committed 30656K, reserved 1048576K
}
Event: 20612.869 GC heap before
{Heap before GC invocations=142 (full 2):
 garbage-first heap   total 385024K, used 345653K [0x0000000080000000, 0x0000000100000000)
  region size 1024K, 142 young (145408K), 16 survivors (16384K)
 Metaspace       used 235631K, committed 237824K, reserved 1310720K
  class space    used 30364K, committed 31488K, reserved 1048576K
}
Event: 20612.886 GC heap after
{Heap after GC invocations=143 (full 2):
 garbage-first heap   total 385024K, used 228978K [0x0000000080000000, 0x0000000100000000)
  region size 1024K, 18 young (18432K), 18 survivors (18432K)
 Metaspace       used 235631K, committed 237824K, reserved 1310720K
  class space    used 30364K, committed 31488K, reserved 1048576K
}
Event: 20613.453 GC heap before
{Heap before GC invocations=143 (full 2):
 garbage-first heap   total 385024K, used 275058K [0x0000000080000000, 0x0000000100000000)
  region size 1024K, 64 young (65536K), 18 survivors (18432K)
 Metaspace       used 235790K, committed 237952K, reserved 1310720K
  class space    used 30364K, committed 31488K, reserved 1048576K
}
Event: 20613.467 GC heap after
{Heap after GC invocations=144 (full 2):
 garbage-first heap   total 385024K, used 243750K [0x0000000080000000, 0x0000000100000000)
  region size 1024K, 13 young (13312K), 13 survivors (13312K)
 Metaspace       used 235790K, committed 237952K, reserved 1310720K
  class space    used 30364K, committed 31488K, reserved 1048576K
}
Event: 20616.263 GC heap before
{Heap before GC invocations=145 (full 2):
 garbage-first heap   total 409600K, used 342054K [0x0000000080000000, 0x0000000100000000)
  region size 1024K, 107 young (109568K), 13 survivors (13312K)
 Metaspace       used 239603K, committed 241920K, reserved 1310720K
  class space    used 30772K, committed 31936K, reserved 1048576K
}
Event: 20616.270 GC heap after
{Heap after GC invocations=146 (full 2):
 garbage-first heap   total 409600K, used 249995K [0x0000000080000000, 0x0000000100000000)
  region size 1024K, 7 young (7168K), 7 survivors (7168K)
 Metaspace       used 239603K, committed 241920K, reserved 1310720K
  class space    used 30772K, committed 31936K, reserved 1048576K
}
Event: 20619.589 GC heap before
{Heap before GC invocations=146 (full 2):
 garbage-first heap   total 409600K, used 367755K [0x0000000080000000, 0x0000000100000000)
  region size 1024K, 118 young (120832K), 7 survivors (7168K)
 Metaspace       used 248349K, committed 250688K, reserved 1310720K
  class space    used 31881K, committed 33088K, reserved 1048576K
}
Event: 20619.596 GC heap after
{Heap after GC invocations=147 (full 2):
 garbage-first heap   total 409600K, used 257496K [0x0000000080000000, 0x0000000100000000)
  region size 1024K, 15 young (15360K), 15 survivors (15360K)
 Metaspace       used 248349K, committed 250688K, reserved 1310720K
  class space    used 31881K, committed 33088K, reserved 1048576K
}
Event: 20620.785 GC heap before
{Heap before GC invocations=147 (full 2):
 garbage-first heap   total 409600K, used 293336K [0x0000000080000000, 0x0000000100000000)
  region size 1024K, 51 young (52224K), 15 survivors (15360K)
 Metaspace       used 250775K, committed 253056K, reserved 1310720K
  class space    used 32223K, committed 33408K, reserved 1048576K
}
Event: 20620.792 GC heap after
{Heap after GC invocations=148 (full 2):
 garbage-first heap   total 409600K, used 260312K [0x0000000080000000, 0x0000000100000000)
  region size 1024K, 11 young (11264K), 11 survivors (11264K)
 Metaspace       used 250775K, committed 253056K, reserved 1310720K
  class space    used 32223K, committed 33408K, reserved 1048576K
}

