# JRE version: OpenJDK Runtime Environment (21.0.6) (build 21.0.6+-13391695-b895.109)
# Java VM: OpenJDK 64-Bit Server VM (21.0.6+-13391695-b895.109, mixed mode, tiered, compressed oops, compressed class ptrs, g1 gc, windows-amd64)
GC Precious Log:
 CardTable entry size: 512
 Card Set container configuration: InlinePtr #cards 4 size 8 Array Of Cards #cards 16 size 48 Howl #buckets 8 coarsen threshold 3686 Howl Bitmap #cards 512 size 80 coarsen threshold 460 Card regions per heap region 1 cards per card region 4096
 CPUs: 12 total, 12 available
 Memory: 16066M
 Large Page Support: Disabled
 NUMA Support: Disabled
 Compressed Oops: Enabled (Zero based)
 Heap Region Size: 2M
 Heap Min Capacity: 8M
 Heap Initial Capacity: 252M
 Heap Max Capacity: 4018M
 Pre-touch: Disabled
 Parallel Workers: 10
 Concurrent Workers: 3
 Concurrent Refinement Workers: 10
 Periodic GC: Disabled
Heap:
 garbage-first heap   total 454656K, used 387466K [0x0000000704e00000, 0x0000000800000000)
  region size 2048K, 63 young (129024K), 7 survivors (14336K)
 Metaspace       used 94816K, committed 95168K, reserved 1179648K
  class space    used 9181K, committed 9344K, reserved 1048576K
GC Heap History (20 events):
Event: 14.926 GC heap before
{Heap before GC invocations=27 (full 0):
 garbage-first heap   total 317440K, used 272165K [0x0000000704e00000, 0x0000000800000000)
  region size 2048K, 45 young (92160K), 4 survivors (8192K)
 Metaspace       used 63057K, committed 63360K, reserved 1114112K
  class space    used 6718K, committed 6848K, reserved 1048576K
}
Event: 14.938 GC heap after
{Heap after GC invocations=28 (full 0):
 garbage-first heap   total 317440K, used 196601K [0x0000000704e00000, 0x0000000800000000)
  region size 2048K, 6 young (12288K), 6 survivors (12288K)
 Metaspace       used 63057K, committed 63360K, reserved 1114112K
  class space    used 6718K, committed 6848K, reserved 1048576K
}
Event: 16.586 GC heap before
{Heap before GC invocations=28 (full 0):
 garbage-first heap   total 317440K, used 284665K [0x0000000704e00000, 0x0000000800000000)
  region size 2048K, 49 young (100352K), 6 survivors (12288K)
 Metaspace       used 70666K, committed 70976K, reserved 1114112K
  class space    used 7373K, committed 7488K, reserved 1048576K
}
Event: 16.605 GC heap after
{Heap after GC invocations=29 (full 0):
 garbage-first heap   total 317440K, used 209468K [0x0000000704e00000, 0x0000000800000000)
  region size 2048K, 7 young (14336K), 7 survivors (14336K)
 Metaspace       used 70666K, committed 70976K, reserved 1114112K
  class space    used 7373K, committed 7488K, reserved 1048576K
}
Event: 17.834 GC heap before
{Heap before GC invocations=29 (full 0):
 garbage-first heap   total 317440K, used 283196K [0x0000000704e00000, 0x0000000800000000)
  region size 2048K, 43 young (88064K), 7 survivors (14336K)
 Metaspace       used 74959K, committed 75328K, reserved 1179648K
  class space    used 7721K, committed 7872K, reserved 1048576K
}
Event: 17.851 GC heap after
{Heap after GC invocations=30 (full 0):
 garbage-first heap   total 317440K, used 220429K [0x0000000704e00000, 0x0000000800000000)
  region size 2048K, 5 young (10240K), 5 survivors (10240K)
 Metaspace       used 74959K, committed 75328K, reserved 1179648K
  class space    used 7721K, committed 7872K, reserved 1048576K
}
Event: 19.093 GC heap before
{Heap before GC invocations=31 (full 0):
 garbage-first heap   total 368640K, used 288013K [0x0000000704e00000, 0x0000000800000000)
  region size 2048K, 38 young (77824K), 5 survivors (10240K)
 Metaspace       used 75899K, committed 76224K, reserved 1179648K
  class space    used 7784K, committed 7936K, reserved 1048576K
}
Event: 19.111 GC heap after
{Heap after GC invocations=32 (full 0):
 garbage-first heap   total 368640K, used 240303K [0x0000000704e00000, 0x0000000800000000)
  region size 2048K, 5 young (10240K), 5 survivors (10240K)
 Metaspace       used 75899K, committed 76224K, reserved 1179648K
  class space    used 7784K, committed 7936K, reserved 1048576K
}
Event: 20.481 GC heap before
{Heap before GC invocations=32 (full 0):
 garbage-first heap   total 368640K, used 322223K [0x0000000704e00000, 0x0000000800000000)
  region size 2048K, 45 young (92160K), 5 survivors (10240K)
 Metaspace       used 79655K, committed 80064K, reserved 1179648K
  class space    used 8144K, committed 8320K, reserved 1048576K
}
Event: 20.495 GC heap after
{Heap after GC invocations=33 (full 0):
 garbage-first heap   total 368640K, used 247687K [0x0000000704e00000, 0x0000000800000000)
  region size 2048K, 5 young (10240K), 5 survivors (10240K)
 Metaspace       used 79655K, committed 80064K, reserved 1179648K
  class space    used 8144K, committed 8320K, reserved 1048576K
}
Event: 22.791 GC heap before
{Heap before GC invocations=33 (full 0):
 garbage-first heap   total 368640K, used 327559K [0x0000000704e00000, 0x0000000800000000)
  region size 2048K, 44 young (90112K), 5 survivors (10240K)
 Metaspace       used 86757K, committed 87104K, reserved 1179648K
  class space    used 8646K, committed 8832K, reserved 1048576K
}
Event: 22.803 GC heap after
{Heap after GC invocations=34 (full 0):
 garbage-first heap   total 368640K, used 253941K [0x0000000704e00000, 0x0000000800000000)
  region size 2048K, 4 young (8192K), 4 survivors (8192K)
 Metaspace       used 86757K, committed 87104K, reserved 1179648K
  class space    used 8646K, committed 8832K, reserved 1048576K
}
Event: 25.118 GC heap before
{Heap before GC invocations=35 (full 0):
 garbage-first heap   total 428032K, used 333813K [0x0000000704e00000, 0x0000000800000000)
  region size 2048K, 43 young (88064K), 4 survivors (8192K)
 Metaspace       used 92472K, committed 92864K, reserved 1179648K
  class space    used 9093K, committed 9280K, reserved 1048576K
}
Event: 25.126 GC heap after
{Heap after GC invocations=36 (full 0):
 garbage-first heap   total 428032K, used 259890K [0x0000000704e00000, 0x0000000800000000)
  region size 2048K, 6 young (12288K), 6 survivors (12288K)
 Metaspace       used 92472K, committed 92864K, reserved 1179648K
  class space    used 9093K, committed 9280K, reserved 1048576K
}
Event: 26.638 GC heap before
{Heap before GC invocations=36 (full 0):
 garbage-first heap   total 428032K, used 382770K [0x0000000704e00000, 0x0000000800000000)
  region size 2048K, 66 young (135168K), 6 survivors (12288K)
 Metaspace       used 94181K, committed 94592K, reserved 1179648K
  class space    used 9171K, committed 9344K, reserved 1048576K
}
Event: 26.655 GC heap after
{Heap after GC invocations=37 (full 0):
 garbage-first heap   total 428032K, used 268199K [0x0000000704e00000, 0x0000000800000000)
  region size 2048K, 9 young (18432K), 9 survivors (18432K)
 Metaspace       used 94181K, committed 94592K, reserved 1179648K
  class space    used 9171K, committed 9344K, reserved 1048576K
}
Event: 27.365 GC heap before
{Heap before GC invocations=37 (full 0):
 garbage-first heap   total 428032K, used 384935K [0x0000000704e00000, 0x0000000800000000)
  region size 2048K, 66 young (135168K), 9 survivors (18432K)
 Metaspace       used 94375K, committed 94784K, reserved 1179648K
  class space    used 9172K, committed 9344K, reserved 1048576K
}
Event: 27.380 GC heap after
{Heap after GC invocations=38 (full 0):
 garbage-first heap   total 428032K, used 269910K [0x0000000704e00000, 0x0000000800000000)
  region size 2048K, 5 young (10240K), 5 survivors (10240K)
 Metaspace       used 94375K, committed 94784K, reserved 1179648K
  class space    used 9172K, committed 9344K, reserved 1048576K
}
Event: 28.631 GC heap before
{Heap before GC invocations=39 (full 0):
 garbage-first heap   total 454656K, used 390742K [0x0000000704e00000, 0x0000000800000000)
  region size 2048K, 64 young (131072K), 5 survivors (10240K)
 Metaspace       used 94562K, committed 94912K, reserved 1179648K
  class space    used 9174K, committed 9344K, reserved 1048576K
}
Event: 28.649 GC heap after
{Heap after GC invocations=40 (full 0):
 garbage-first heap   total 454656K, used 274826K [0x0000000704e00000, 0x0000000800000000)
  region size 2048K, 7 young (14336K), 7 survivors (14336K)
 Metaspace       used 94562K, committed 94912K, reserved 1179648K
  class space    used 9174K, committed 9344K, reserved 1048576K
}

